<?xml version="1.0" encoding="UTF-8"?>
<testng-results ignored="0" total="1" passed="1" failed="0" skipped="0">
  <reporter-output>
    <line>
      <![CDATA[--------------This is Just to test Jenkins]]>
    </line>
  </reporter-output>
  <suite started-at="2023-04-05T11:06:02 IST" name="Suite" finished-at="2023-04-05T11:06:02 IST" duration-ms="92">
    <groups>
    </groups>
    <test started-at="2023-04-05T11:06:02 IST" name="Test" finished-at="2023-04-05T11:06:02 IST" duration-ms="92">
      <class name="jenkinsDemo.ClassA">
        <test-method signature="test()[pri:0, instance:jenkinsDemo.ClassA@6d3a388c]" started-at="2023-04-05T11:06:02 IST" name="test" finished-at="2023-04-05T11:06:02 IST" duration-ms="18" status="PASS">
          <reporter-output>
            <line>
              <![CDATA[--------------This is Just to test Jenkins]]>
            </line>
          </reporter-output>
        </test-method> <!-- test -->
      </class> <!-- jenkinsDemo.ClassA -->
    </test> <!-- Test -->
  </suite> <!-- Suite -->
</testng-results>
